-------------------------------------------------------------------------------
Test set: TestSuite
-------------------------------------------------------------------------------
Tests run: 5, Failures: 1, Errors: 0, Skipped: 0, Time elapsed: 66.208 s <<< FAILURE! - in TestSuite
verifyTableDataAndPrintOnConsole(com.automation.DevOpsAssignment.AccountOverviewTest)  Time elapsed: 5.356 s  <<< FAILURE!
java.util.MissingFormatArgumentException: Format specifier '%-18s'
	at com.automation.DevOpsAssignment.AccountOverviewTest.verifyTableDataAndPrintOnConsole(AccountOverviewTest.java:54)

